# JRE version: Java(TM) SE Runtime Environment (19.0.1+10) (build 19.0.1+10-21)
# Java VM: Java HotSpot(TM) 64-Bit Server VM (19.0.1+10-21, mixed mode, sharing, tiered, compressed oops, compressed class ptrs, g1 gc, windows-amd64)
GC Precious Log:
 CardTable entry size: 512
 Card Set container configuration: InlinePtr #cards 4 size 8 Array Of Cards #cards 16 size 48 Howl #buckets 8 coarsen threshold 3686 Howl Bitmap #cards 512 size 80 coarsen threshold 460 Card regions per heap region 1 cards per card region 4096
 CPUs: 12 total, 12 available
 Memory: 16328M
 Large Page Support: Disabled
 NUMA Support: Disabled
 Compressed Oops: Enabled (Zero based)
 Heap Region Size: 2M
 Heap Min Capacity: 8M
 Heap Initial Capacity: 256M
 Heap Max Capacity: 4084M
 Pre-touch: Disabled
 Parallel Workers: 10
 Concurrent Workers: 3
 Concurrent Refinement Workers: 10
 Periodic GC: Disabled
Heap:
 garbage-first heap   total 161792K, used 67679K [0x0000000700c00000, 0x0000000800000000)
  region size 2048K, 21 young (43008K), 1 survivors (2048K)
 Metaspace       used 29263K, committed 29824K, reserved 1114112K
  class space    used 3559K, committed 3840K, reserved 1048576K
GC Heap History (16 events):
Event: 0.504 GC heap before
{Heap before GC invocations=0 (full 0):
 garbage-first heap   total 262144K, used 22528K [0x0000000700c00000, 0x0000000800000000)
  region size 2048K, 11 young (22528K), 0 survivors (0K)
 Metaspace       used 5022K, committed 5184K, reserved 1114112K
  class space    used 557K, committed 640K, reserved 1048576K
}
Event: 0.507 GC heap after
{Heap after GC invocations=1 (full 0):
 garbage-first heap   total 262144K, used 2687K [0x0000000700c00000, 0x0000000800000000)
  region size 2048K, 2 young (4096K), 2 survivors (4096K)
 Metaspace       used 5022K, committed 5184K, reserved 1114112K
  class space    used 557K, committed 640K, reserved 1048576K
}
Event: 1.544 GC heap before
{Heap before GC invocations=1 (full 0):
 garbage-first heap   total 262144K, used 39551K [0x0000000700c00000, 0x0000000800000000)
  region size 2048K, 21 young (43008K), 2 survivors (4096K)
 Metaspace       used 17305K, committed 17664K, reserved 1114112K
  class space    used 2199K, committed 2368K, reserved 1048576K
}
Event: 1.550 GC heap after
{Heap after GC invocations=2 (full 0):
 garbage-first heap   total 262144K, used 9131K [0x0000000700c00000, 0x0000000800000000)
  region size 2048K, 3 young (6144K), 3 survivors (6144K)
 Metaspace       used 17305K, committed 17664K, reserved 1114112K
  class space    used 2199K, committed 2368K, reserved 1048576K
}
Event: 2.437 GC heap before
{Heap before GC invocations=2 (full 0):
 garbage-first heap   total 262144K, used 27563K [0x0000000700c00000, 0x0000000800000000)
  region size 2048K, 12 young (24576K), 3 survivors (6144K)
 Metaspace       used 21159K, committed 21504K, reserved 1114112K
  class space    used 2816K, committed 2944K, reserved 1048576K
}
Event: 2.441 GC heap after
{Heap after GC invocations=3 (full 0):
 garbage-first heap   total 262144K, used 12825K [0x0000000700c00000, 0x0000000800000000)
  region size 2048K, 4 young (8192K), 4 survivors (8192K)
 Metaspace       used 21159K, committed 21504K, reserved 1114112K
  class space    used 2816K, committed 2944K, reserved 1048576K
}
Event: 2.903 GC heap before
{Heap before GC invocations=4 (full 0):
 garbage-first heap   total 61440K, used 43545K [0x0000000700c00000, 0x0000000800000000)
  region size 2048K, 18 young (36864K), 4 survivors (8192K)
 Metaspace       used 25829K, committed 26240K, reserved 1114112K
  class space    used 3315K, committed 3520K, reserved 1048576K
}
Event: 2.909 GC heap after
{Heap after GC invocations=5 (full 0):
 garbage-first heap   total 61440K, used 19023K [0x0000000700c00000, 0x0000000800000000)
  region size 2048K, 3 young (6144K), 3 survivors (6144K)
 Metaspace       used 25829K, committed 26240K, reserved 1114112K
  class space    used 3315K, committed 3520K, reserved 1048576K
}
Event: 2.945 GC heap before
{Heap before GC invocations=5 (full 0):
 garbage-first heap   total 61440K, used 21071K [0x0000000700c00000, 0x0000000800000000)
  region size 2048K, 4 young (8192K), 3 survivors (6144K)
 Metaspace       used 25992K, committed 26368K, reserved 1114112K
  class space    used 3337K, committed 3520K, reserved 1048576K
}
Event: 2.948 GC heap after
{Heap after GC invocations=6 (full 0):
 garbage-first heap   total 61440K, used 20102K [0x0000000700c00000, 0x0000000800000000)
  region size 2048K, 1 young (2048K), 1 survivors (2048K)
 Metaspace       used 25992K, committed 26368K, reserved 1114112K
  class space    used 3337K, committed 3520K, reserved 1048576K
}
Event: 3.670 GC heap before
{Heap before GC invocations=6 (full 0):
 garbage-first heap   total 61440K, used 40582K [0x0000000700c00000, 0x0000000800000000)
  region size 2048K, 12 young (24576K), 1 survivors (2048K)
 Metaspace       used 27631K, committed 28096K, reserved 1114112K
  class space    used 3490K, committed 3712K, reserved 1048576K
}
Event: 3.671 GC heap after
{Heap after GC invocations=7 (full 0):
 garbage-first heap   total 61440K, used 21747K [0x0000000700c00000, 0x0000000800000000)
  region size 2048K, 2 young (4096K), 2 survivors (4096K)
 Metaspace       used 27631K, committed 28096K, reserved 1114112K
  class space    used 3490K, committed 3712K, reserved 1048576K
}
Event: 3.752 GC heap before
{Heap before GC invocations=7 (full 0):
 garbage-first heap   total 61440K, used 40179K [0x0000000700c00000, 0x0000000800000000)
  region size 2048K, 12 young (24576K), 2 survivors (4096K)
 Metaspace       used 27705K, committed 28224K, reserved 1114112K
  class space    used 3490K, committed 3712K, reserved 1048576K
}
Event: 3.754 GC heap after
{Heap after GC invocations=8 (full 0):
 garbage-first heap   total 61440K, used 25341K [0x0000000700c00000, 0x0000000800000000)
  region size 2048K, 2 young (4096K), 2 survivors (4096K)
 Metaspace       used 27705K, committed 28224K, reserved 1114112K
  class space    used 3490K, committed 3712K, reserved 1048576K
}
Event: 4.266 GC heap before
{Heap before GC invocations=8 (full 0):
 garbage-first heap   total 61440K, used 41725K [0x0000000700c00000, 0x0000000800000000)
  region size 2048K, 11 young (22528K), 2 survivors (4096K)
 Metaspace       used 28214K, committed 28736K, reserved 1114112K
  class space    used 3518K, committed 3776K, reserved 1048576K
}
Event: 4.267 GC heap after
{Heap after GC invocations=9 (full 0):
 garbage-first heap   total 161792K, used 22623K [0x0000000700c00000, 0x0000000800000000)
  region size 2048K, 1 young (2048K), 1 survivors (2048K)
 Metaspace       used 28214K, committed 28736K, reserved 1114112K
  class space    used 3518K, committed 3776K, reserved 1048576K
}

